# JRE version: Java(TM) SE Runtime Environment (11.0.6+8) (build 11.0.6+8-LTS)
# Java VM: Java HotSpot(TM) 64-Bit Server VM (11.0.6+8-LTS, mixed mode, tiered, compressed oops, g1 gc, windows-amd64)
Heap:
 garbage-first heap   total 157696K, used 59012K [0x0000000081800000, 0x0000000100000000)
  region size 1024K, 53 young (54272K), 3 survivors (3072K)
 Metaspace       used 27445K, capacity 28308K, committed 28544K, reserved 1075200K
  class space    used 3378K, capacity 3695K, committed 3712K, reserved 1048576K
GC Heap History (10 events):
Event: 0.927 GC heap before
{Heap before GC invocations=0 (full 0):
 garbage-first heap   total 131072K, used 13312K [0x0000000081800000, 0x0000000100000000)
  region size 1024K, 14 young (14336K), 0 survivors (0K)
 Metaspace       used 9278K, capacity 9413K, committed 9600K, reserved 1058816K
  class space    used 804K, capacity 835K, committed 896K, reserved 1048576K
}
Event: 0.933 GC heap after
{Heap after GC invocations=1 (full 0):
 garbage-first heap   total 131072K, used 5977K [0x0000000081800000, 0x0000000100000000)
  region size 1024K, 2 young (2048K), 2 survivors (2048K)
 Metaspace       used 9278K, capacity 9413K, committed 9600K, reserved 1058816K
  class space    used 804K, capacity 835K, committed 896K, reserved 1048576K
}
Event: 1.134 GC heap before
{Heap before GC invocations=1 (full 0):
 garbage-first heap   total 131072K, used 12121K [0x0000000081800000, 0x0000000100000000)
  region size 1024K, 8 young (8192K), 2 survivors (2048K)
 Metaspace       used 10176K, capacity 10271K, committed 10496K, reserved 1058816K
  class space    used 903K, capacity 950K, committed 1024K, reserved 1048576K
}
Event: 1.140 GC heap after
{Heap after GC invocations=2 (full 0):
 garbage-first heap   total 131072K, used 6712K [0x0000000081800000, 0x0000000100000000)
  region size 1024K, 1 young (1024K), 1 survivors (1024K)
 Metaspace       used 10176K, capacity 10271K, committed 10496K, reserved 1058816K
  class space    used 903K, capacity 950K, committed 1024K, reserved 1048576K
}
Event: 1.784 GC heap before
{Heap before GC invocations=2 (full 0):
 garbage-first heap   total 131072K, used 29240K [0x0000000081800000, 0x0000000100000000)
  region size 1024K, 23 young (23552K), 1 survivors (1024K)
 Metaspace       used 13677K, capacity 14099K, committed 14336K, reserved 1062912K
  class space    used 1323K, capacity 1463K, committed 1536K, reserved 1048576K
}
Event: 1.791 GC heap after
{Heap after GC invocations=3 (full 0):
 garbage-first heap   total 131072K, used 7499K [0x0000000081800000, 0x0000000100000000)
  region size 1024K, 2 young (2048K), 2 survivors (2048K)
 Metaspace       used 13677K, capacity 14099K, committed 14336K, reserved 1062912K
  class space    used 1323K, capacity 1463K, committed 1536K, reserved 1048576K
}
Event: 2.653 GC heap before
{Heap before GC invocations=3 (full 0):
 garbage-first heap   total 131072K, used 47435K [0x0000000081800000, 0x0000000100000000)
  region size 1024K, 41 young (41984K), 2 survivors (2048K)
 Metaspace       used 17064K, capacity 17674K, committed 17792K, reserved 1064960K
  class space    used 1931K, capacity 2143K, committed 2176K, reserved 1048576K
}
Event: 2.661 GC heap after
{Heap after GC invocations=4 (full 0):
 garbage-first heap   total 131072K, used 8141K [0x0000000081800000, 0x0000000100000000)
  region size 1024K, 2 young (2048K), 2 survivors (2048K)
 Metaspace       used 17064K, capacity 17674K, committed 17792K, reserved 1064960K
  class space    used 1931K, capacity 2143K, committed 2176K, reserved 1048576K
}
Event: 3.520 GC heap before
{Heap before GC invocations=4 (full 0):
 garbage-first heap   total 131072K, used 54221K [0x0000000081800000, 0x0000000100000000)
  region size 1024K, 48 young (49152K), 2 survivors (2048K)
 Metaspace       used 20540K, capacity 21189K, committed 21248K, reserved 1067008K
  class space    used 2500K, capacity 2772K, committed 2816K, reserved 1048576K
}
Event: 3.528 GC heap after
{Heap after GC invocations=5 (full 0):
 garbage-first heap   total 157696K, used 8836K [0x0000000081800000, 0x0000000100000000)
  region size 1024K, 3 young (3072K), 3 survivors (3072K)
 Metaspace       used 20540K, capacity 21189K, committed 21248K, reserved 1067008K
  class space    used 2500K, capacity 2772K, committed 2816K, reserved 1048576K
}

